<?xml version="1.0" encoding="UTF-8"?>
<testsuite xmlns:xsi="http://www.w3.org/2001/XMLSchema-instance" xsi:noNamespaceSchemaLocation="https://maven.apache.org/surefire/maven-surefire-plugin/xsd/surefire-test-report-3.0.xsd" version="3.0" name="runner.Runner" time="7.873" tests="1" errors="0" skipped="0" failures="0">
  <properties>
[...]
</properties>
  <testcase name="Capturar, guardar y validar datos" classname="DemoQa formulario" time="7.397">
    <system-out><![CDATA[
Scenario: Capturar, guardar y validar datos # file:///C:/proyectosSelenium/demoqa/src/test/resources/features/demoqa.feature:2
Iniciando navegador
  ✔ Given Abrir pagina DemoQa               # steps.demoqaSteps.DemoQASteps.abrirDemoQAStep()
Guardado: [student] Nombre = Ivan
Guardado: [student] Apellido = Aquino
Guardado: [student] Correo = prueba@ejemplo.com
Guardado: [student] Genero = Male
Guardado: [student] Telefono = 5522334455
Guardado: [student] Fecha de nacimiento = 24 July 1994
Guardado: [student] Objeto = pruebas
Guardado: [student] Pasatiempo = Sports
Guardado: [student] Direccion = Captura de direccion
  ✔ Then Capturar los datos del formulario  # steps.demoqaSteps.DemoQASteps.capturarDatosFormulario()
Cerrando el navegador
]]></system-out>
    <system-err><![CDATA[SLF4J(W): No SLF4J providers were found.
SLF4J(W): Defaulting to no-operation (NOP) logger implementation
SLF4J(W): See https://www.slf4j.org/codes.html#noProviders for further details.
feb 11, 2026 12:20:07 P.M. org.openqa.selenium.devtools.CdpVersionFinder findNearestMatch
WARNING: Unable to find CDP implementation matching 145
feb 11, 2026 12:20:07 P.M. org.openqa.selenium.chromium.ChromiumDriver lambda$new$4
WARNING: Unable to find version of CDP to use for 145.0.7632.45. You may need to include a dependency on a specific version of the CDP using something similar to `org.seleniumhq.selenium:selenium-devtools-v86:4.34.0` where the version ("v86") matches the version of the chromium-based browser you're using and the version number of the artifact is the same as Selenium's.
]]></system-err>
  </testcase>
</testsuite>